{"/Users/wuhao/Documents/codes/hatech/hatech-web-framework/hatech-web-utils/packages/array/index.js": {"path":"/Users/wuhao/Documents/codes/hatech/hatech-web-framework/hatech-web-utils/packages/array/index.js","statementMap":{"0":{"start":{"line":11,"column":4},"end":{"line":11,"column":51}},"1":{"start":{"line":20,"column":4},"end":{"line":20,"column":51}},"2":{"start":{"line":27,"column":38},"end":{"line":27,"column":43}},"3":{"start":{"line":28,"column":4},"end":{"line":28,"column":37}},"4":{"start":{"line":28,"column":31},"end":{"line":28,"column":37}},"5":{"start":{"line":29,"column":4},"end":{"line":29,"column":45}},"6":{"start":{"line":29,"column":39},"end":{"line":29,"column":45}},"7":{"start":{"line":30,"column":4},"end":{"line":30,"column":34}},"8":{"start":{"line":30,"column":28},"end":{"line":30,"column":34}},"9":{"start":{"line":31,"column":14},"end":{"line":31,"column":22}},"10":{"start":{"line":32,"column":4},"end":{"line":34,"column":6}},"11":{"start":{"line":33,"column":6},"end":{"line":33,"column":50}},"12":{"start":{"line":35,"column":4},"end":{"line":35,"column":14}},"13":{"start":{"line":42,"column":4},"end":{"line":42,"column":47}},"14":{"start":{"line":42,"column":41},"end":{"line":42,"column":47}},"15":{"start":{"line":43,"column":4},"end":{"line":43,"column":29}}},"fnMap":{"0":{"name":"(anonymous_0)","decl":{"start":{"line":10,"column":2},"end":{"line":10,"column":3}},"loc":{"start":{"line":10,"column":15},"end":{"line":12,"column":3}},"line":10},"1":{"name":"(anonymous_1)","decl":{"start":{"line":19,"column":2},"end":{"line":19,"column":3}},"loc":{"start":{"line":19,"column":15},"end":{"line":21,"column":3}},"line":19},"2":{"name":"(anonymous_2)","decl":{"start":{"line":27,"column":2},"end":{"line":27,"column":3}},"loc":{"start":{"line":27,"column":45},"end":{"line":36,"column":3}},"line":27},"3":{"name":"(anonymous_3)","decl":{"start":{"line":27,"column":28},"end":{"line":27,"column":29}},"loc":{"start":{"line":27,"column":38},"end":{"line":27,"column":43}},"line":27},"4":{"name":"(anonymous_4)","decl":{"start":{"line":32,"column":18},"end":{"line":32,"column":19}},"loc":{"start":{"line":32,"column":35},"end":{"line":34,"column":5}},"line":32},"5":{"name":"(anonymous_5)","decl":{"start":{"line":41,"column":2},"end":{"line":41,"column":3}},"loc":{"start":{"line":41,"column":21},"end":{"line":44,"column":3}},"line":41}},"branchMap":{"0":{"loc":{"start":{"line":27,"column":6},"end":{"line":27,"column":16}},"type":"default-arg","locations":[{"start":{"line":27,"column":14},"end":{"line":27,"column":16}}],"line":27},"1":{"loc":{"start":{"line":27,"column":18},"end":{"line":27,"column":43}},"type":"default-arg","locations":[{"start":{"line":27,"column":28},"end":{"line":27,"column":43}}],"line":27},"2":{"loc":{"start":{"line":28,"column":4},"end":{"line":28,"column":37}},"type":"if","locations":[{"start":{"line":28,"column":4},"end":{"line":28,"column":37}},{"start":{"line":28,"column":4},"end":{"line":28,"column":37}}],"line":28},"3":{"loc":{"start":{"line":29,"column":4},"end":{"line":29,"column":45}},"type":"if","locations":[{"start":{"line":29,"column":4},"end":{"line":29,"column":45}},{"start":{"line":29,"column":4},"end":{"line":29,"column":45}}],"line":29},"4":{"loc":{"start":{"line":30,"column":4},"end":{"line":30,"column":34}},"type":"if","locations":[{"start":{"line":30,"column":4},"end":{"line":30,"column":34}},{"start":{"line":30,"column":4},"end":{"line":30,"column":34}}],"line":30},"5":{"loc":{"start":{"line":33,"column":12},"end":{"line":33,"column":50}},"type":"cond-expr","locations":[{"start":{"line":33,"column":40},"end":{"line":33,"column":43}},{"start":{"line":33,"column":46},"end":{"line":33,"column":50}}],"line":33},"6":{"loc":{"start":{"line":42,"column":4},"end":{"line":42,"column":47}},"type":"if","locations":[{"start":{"line":42,"column":4},"end":{"line":42,"column":47}},{"start":{"line":42,"column":4},"end":{"line":42,"column":47}}],"line":42},"7":{"loc":{"start":{"line":42,"column":8},"end":{"line":42,"column":39}},"type":"binary-expr","locations":[{"start":{"line":42,"column":8},"end":{"line":42,"column":14}},{"start":{"line":42,"column":18},"end":{"line":42,"column":39}}],"line":42}},"s":{"0":0,"1":0,"2":0,"3":0,"4":0,"5":0,"6":0,"7":0,"8":0,"9":0,"10":0,"11":0,"12":0,"13":0,"14":0,"15":0},"f":{"0":0,"1":0,"2":0,"3":0,"4":0,"5":0},"b":{"0":[0],"1":[0],"2":[0,0],"3":[0,0],"4":[0,0],"5":[0,0],"6":[0,0],"7":[0,0]},"_coverageSchema":"1a1c01bbd47fc00a2c39e90264f33305004495a9","hash":"997a792f9a03272ec8fa8f701f0a19712dd6aab3"}
,"/Users/wuhao/Documents/codes/hatech/hatech-web-framework/hatech-web-utils/packages/cache/index.js": {"path":"/Users/wuhao/Documents/codes/hatech/hatech-web-framework/hatech-web-utils/packages/cache/index.js","statementMap":{"0":{"start":{"line":8,"column":4},"end":{"line":8,"column":65}},"1":{"start":{"line":8,"column":14},"end":{"line":8,"column":65}},"2":{"start":{"line":9,"column":4},"end":{"line":13,"column":5}},"3":{"start":{"line":10,"column":6},"end":{"line":10,"column":85}},"4":{"start":{"line":12,"column":6},"end":{"line":12,"column":74}},"5":{"start":{"line":21,"column":4},"end":{"line":25,"column":5}},"6":{"start":{"line":22,"column":6},"end":{"line":22,"column":75}},"7":{"start":{"line":24,"column":6},"end":{"line":24,"column":95}},"8":{"start":{"line":26,"column":4},"end":{"line":26,"column":26}},"9":{"start":{"line":34,"column":4},"end":{"line":34,"column":69}},"10":{"start":{"line":35,"column":4},"end":{"line":35,"column":58}},"11":{"start":{"line":35,"column":24},"end":{"line":35,"column":58}},"12":{"start":{"line":43,"column":4},"end":{"line":43,"column":63}},"13":{"start":{"line":43,"column":14},"end":{"line":43,"column":63}},"14":{"start":{"line":44,"column":4},"end":{"line":44,"column":58}},"15":{"start":{"line":44,"column":24},"end":{"line":44,"column":58}},"16":{"start":{"line":52,"column":4},"end":{"line":52,"column":63}},"17":{"start":{"line":52,"column":14},"end":{"line":52,"column":63}},"18":{"start":{"line":54,"column":4},"end":{"line":58,"column":5}},"19":{"start":{"line":55,"column":6},"end":{"line":55,"column":39}},"20":{"start":{"line":57,"column":6},"end":{"line":57,"column":33}},"21":{"start":{"line":59,"column":4},"end":{"line":59,"column":16}},"22":{"start":{"line":68,"column":16},"end":{"line":68,"column":29}},"23":{"start":{"line":69,"column":4},"end":{"line":73,"column":5}},"24":{"start":{"line":70,"column":6},"end":{"line":70,"column":67}},"25":{"start":{"line":72,"column":6},"end":{"line":72,"column":64}},"26":{"start":{"line":74,"column":4},"end":{"line":74,"column":16}},"27":{"start":{"line":82,"column":4},"end":{"line":82,"column":67}},"28":{"start":{"line":82,"column":14},"end":{"line":82,"column":67}},"29":{"start":{"line":83,"column":4},"end":{"line":83,"column":72}},"30":{"start":{"line":91,"column":4},"end":{"line":91,"column":67}},"31":{"start":{"line":91,"column":14},"end":{"line":91,"column":67}},"32":{"start":{"line":92,"column":4},"end":{"line":92,"column":52}},"33":{"start":{"line":101,"column":16},"end":{"line":101,"column":59}},"34":{"start":{"line":102,"column":16},"end":{"line":102,"column":42}},"35":{"start":{"line":103,"column":4},"end":{"line":105,"column":5}},"36":{"start":{"line":104,"column":6},"end":{"line":104,"column":29}},"37":{"start":{"line":106,"column":4},"end":{"line":106,"column":15}},"38":{"start":{"line":114,"column":4},"end":{"line":114,"column":31}},"39":{"start":{"line":123,"column":4},"end":{"line":130,"column":5}},"40":{"start":{"line":125,"column":20},"end":{"line":125,"column":45}},"41":{"start":{"line":126,"column":17},"end":{"line":126,"column":48}},"42":{"start":{"line":127,"column":6},"end":{"line":127,"column":84}},"43":{"start":{"line":129,"column":6},"end":{"line":129,"column":49}}},"fnMap":{"0":{"name":"(anonymous_0)","decl":{"start":{"line":7,"column":2},"end":{"line":7,"column":3}},"loc":{"start":{"line":7,"column":19},"end":{"line":14,"column":3}},"line":7},"1":{"name":"(anonymous_1)","decl":{"start":{"line":20,"column":2},"end":{"line":20,"column":3}},"loc":{"start":{"line":20,"column":26},"end":{"line":27,"column":3}},"line":20},"2":{"name":"(anonymous_2)","decl":{"start":{"line":33,"column":2},"end":{"line":33,"column":3}},"loc":{"start":{"line":33,"column":29},"end":{"line":36,"column":3}},"line":33},"3":{"name":"(anonymous_3)","decl":{"start":{"line":42,"column":2},"end":{"line":42,"column":3}},"loc":{"start":{"line":42,"column":22},"end":{"line":45,"column":3}},"line":42},"4":{"name":"(anonymous_4)","decl":{"start":{"line":51,"column":2},"end":{"line":51,"column":3}},"loc":{"start":{"line":51,"column":11},"end":{"line":60,"column":3}},"line":51},"5":{"name":"(anonymous_5)","decl":{"start":{"line":67,"column":2},"end":{"line":67,"column":3}},"loc":{"start":{"line":67,"column":17},"end":{"line":75,"column":3}},"line":67},"6":{"name":"(anonymous_6)","decl":{"start":{"line":81,"column":2},"end":{"line":81,"column":3}},"loc":{"start":{"line":81,"column":14},"end":{"line":84,"column":3}},"line":81},"7":{"name":"(anonymous_7)","decl":{"start":{"line":90,"column":2},"end":{"line":90,"column":3}},"loc":{"start":{"line":90,"column":25},"end":{"line":93,"column":3}},"line":90},"8":{"name":"(anonymous_8)","decl":{"start":{"line":100,"column":2},"end":{"line":100,"column":3}},"loc":{"start":{"line":100,"column":17},"end":{"line":107,"column":3}},"line":100},"9":{"name":"(anonymous_9)","decl":{"start":{"line":113,"column":2},"end":{"line":113,"column":3}},"loc":{"start":{"line":113,"column":20},"end":{"line":115,"column":3}},"line":113},"10":{"name":"(anonymous_10)","decl":{"start":{"line":122,"column":2},"end":{"line":122,"column":3}},"loc":{"start":{"line":122,"column":29},"end":{"line":131,"column":3}},"line":122}},"branchMap":{"0":{"loc":{"start":{"line":8,"column":4},"end":{"line":8,"column":65}},"type":"if","locations":[{"start":{"line":8,"column":4},"end":{"line":8,"column":65}},{"start":{"line":8,"column":4},"end":{"line":8,"column":65}}],"line":8},"1":{"loc":{"start":{"line":9,"column":4},"end":{"line":13,"column":5}},"type":"if","locations":[{"start":{"line":9,"column":4},"end":{"line":13,"column":5}},{"start":{"line":9,"column":4},"end":{"line":13,"column":5}}],"line":9},"2":{"loc":{"start":{"line":10,"column":6},"end":{"line":10,"column":85}},"type":"cond-expr","locations":[{"start":{"line":10,"column":21},"end":{"line":10,"column":53}},{"start":{"line":10,"column":56},"end":{"line":10,"column":85}}],"line":10},"3":{"loc":{"start":{"line":12,"column":6},"end":{"line":12,"column":74}},"type":"cond-expr","locations":[{"start":{"line":12,"column":21},"end":{"line":12,"column":49}},{"start":{"line":12,"column":52},"end":{"line":12,"column":74}}],"line":12},"4":{"loc":{"start":{"line":22,"column":15},"end":{"line":22,"column":75}},"type":"cond-expr","locations":[{"start":{"line":22,"column":44},"end":{"line":22,"column":66}},{"start":{"line":22,"column":69},"end":{"line":22,"column":75}}],"line":22},"5":{"loc":{"start":{"line":34,"column":12},"end":{"line":34,"column":69}},"type":"cond-expr","locations":[{"start":{"line":34,"column":40},"end":{"line":34,"column":61}},{"start":{"line":34,"column":64},"end":{"line":34,"column":69}}],"line":34},"6":{"loc":{"start":{"line":35,"column":4},"end":{"line":35,"column":58}},"type":"if","locations":[{"start":{"line":35,"column":4},"end":{"line":35,"column":58}},{"start":{"line":35,"column":4},"end":{"line":35,"column":58}}],"line":35},"7":{"loc":{"start":{"line":43,"column":4},"end":{"line":43,"column":63}},"type":"if","locations":[{"start":{"line":43,"column":4},"end":{"line":43,"column":63}},{"start":{"line":43,"column":4},"end":{"line":43,"column":63}}],"line":43},"8":{"loc":{"start":{"line":44,"column":4},"end":{"line":44,"column":58}},"type":"if","locations":[{"start":{"line":44,"column":4},"end":{"line":44,"column":58}},{"start":{"line":44,"column":4},"end":{"line":44,"column":58}}],"line":44},"9":{"loc":{"start":{"line":52,"column":4},"end":{"line":52,"column":63}},"type":"if","locations":[{"start":{"line":52,"column":4},"end":{"line":52,"column":63}},{"start":{"line":52,"column":4},"end":{"line":52,"column":63}}],"line":52},"10":{"loc":{"start":{"line":54,"column":4},"end":{"line":58,"column":5}},"type":"if","locations":[{"start":{"line":54,"column":4},"end":{"line":58,"column":5}},{"start":{"line":54,"column":4},"end":{"line":58,"column":5}}],"line":54},"11":{"loc":{"start":{"line":70,"column":14},"end":{"line":70,"column":67}},"type":"cond-expr","locations":[{"start":{"line":70,"column":42},"end":{"line":70,"column":59}},{"start":{"line":70,"column":62},"end":{"line":70,"column":67}}],"line":70},"12":{"loc":{"start":{"line":82,"column":4},"end":{"line":82,"column":67}},"type":"if","locations":[{"start":{"line":82,"column":4},"end":{"line":82,"column":67}},{"start":{"line":82,"column":4},"end":{"line":82,"column":67}}],"line":82},"13":{"loc":{"start":{"line":83,"column":4},"end":{"line":83,"column":72}},"type":"cond-expr","locations":[{"start":{"line":83,"column":19},"end":{"line":83,"column":47}},{"start":{"line":83,"column":50},"end":{"line":83,"column":72}}],"line":83},"14":{"loc":{"start":{"line":91,"column":4},"end":{"line":91,"column":67}},"type":"if","locations":[{"start":{"line":91,"column":4},"end":{"line":91,"column":67}},{"start":{"line":91,"column":4},"end":{"line":91,"column":67}}],"line":91},"15":{"loc":{"start":{"line":92,"column":4},"end":{"line":92,"column":52}},"type":"binary-expr","locations":[{"start":{"line":92,"column":4},"end":{"line":92,"column":18}},{"start":{"line":92,"column":22},"end":{"line":92,"column":52}}],"line":92},"16":{"loc":{"start":{"line":103,"column":4},"end":{"line":105,"column":5}},"type":"if","locations":[{"start":{"line":103,"column":4},"end":{"line":105,"column":5}},{"start":{"line":103,"column":4},"end":{"line":105,"column":5}}],"line":103},"17":{"loc":{"start":{"line":123,"column":4},"end":{"line":130,"column":5}},"type":"if","locations":[{"start":{"line":123,"column":4},"end":{"line":130,"column":5}},{"start":{"line":123,"column":4},"end":{"line":130,"column":5}}],"line":123}},"s":{"0":0,"1":0,"2":0,"3":0,"4":0,"5":0,"6":0,"7":0,"8":0,"9":0,"10":0,"11":0,"12":0,"13":0,"14":0,"15":0,"16":0,"17":0,"18":0,"19":0,"20":0,"21":0,"22":0,"23":0,"24":0,"25":0,"26":0,"27":0,"28":0,"29":0,"30":0,"31":0,"32":0,"33":0,"34":0,"35":0,"36":0,"37":0,"38":0,"39":0,"40":0,"41":0,"42":0,"43":0},"f":{"0":0,"1":0,"2":0,"3":0,"4":0,"5":0,"6":0,"7":0,"8":0,"9":0,"10":0},"b":{"0":[0,0],"1":[0,0],"2":[0,0],"3":[0,0],"4":[0,0],"5":[0,0],"6":[0,0],"7":[0,0],"8":[0,0],"9":[0,0],"10":[0,0],"11":[0,0],"12":[0,0],"13":[0,0],"14":[0,0],"15":[0,0],"16":[0,0],"17":[0,0]},"_coverageSchema":"1a1c01bbd47fc00a2c39e90264f33305004495a9","hash":"be81ba43554236070bacbf24a91f6af8db7e87e5"}
,"/Users/wuhao/Documents/codes/hatech/hatech-web-framework/hatech-web-utils/packages/calculate/index.js": {"path":"/Users/wuhao/Documents/codes/hatech/hatech-web-framework/hatech-web-utils/packages/calculate/index.js","statementMap":{"0":{"start":{"line":8,"column":4},"end":{"line":12,"column":5}},"1":{"start":{"line":9,"column":6},"end":{"line":9,"column":47}},"2":{"start":{"line":11,"column":6},"end":{"line":11,"column":12}},"3":{"start":{"line":13,"column":4},"end":{"line":15,"column":26}},"4":{"start":{"line":14,"column":6},"end":{"line":14,"column":47}},"5":{"start":{"line":15,"column":18},"end":{"line":15,"column":24}},"6":{"start":{"line":16,"column":4},"end":{"line":16,"column":38}},"7":{"start":{"line":17,"column":4},"end":{"line":17,"column":36}},"8":{"start":{"line":23,"column":4},"end":{"line":27,"column":5}},"9":{"start":{"line":24,"column":6},"end":{"line":24,"column":47}},"10":{"start":{"line":26,"column":6},"end":{"line":26,"column":12}},"11":{"start":{"line":28,"column":4},"end":{"line":32,"column":5}},"12":{"start":{"line":29,"column":6},"end":{"line":29,"column":47}},"13":{"start":{"line":31,"column":6},"end":{"line":31,"column":12}},"14":{"start":{"line":33,"column":4},"end":{"line":33,"column":38}},"15":{"start":{"line":34,"column":4},"end":{"line":34,"column":28}},"16":{"start":{"line":35,"column":4},"end":{"line":35,"column":49}},"17":{"start":{"line":40,"column":12},"end":{"line":40,"column":13}},"18":{"start":{"line":41,"column":13},"end":{"line":41,"column":28}},"19":{"start":{"line":42,"column":13},"end":{"line":42,"column":28}},"20":{"start":{"line":43,"column":4},"end":{"line":45,"column":19}},"21":{"start":{"line":44,"column":6},"end":{"line":44,"column":34}},"22":{"start":{"line":46,"column":4},"end":{"line":48,"column":19}},"23":{"start":{"line":47,"column":6},"end":{"line":47,"column":34}},"24":{"start":{"line":49,"column":4},"end":{"line":49,"column":86}},"25":{"start":{"line":54,"column":13},"end":{"line":54,"column":14}},"26":{"start":{"line":55,"column":13},"end":{"line":55,"column":14}},"27":{"start":{"line":57,"column":4},"end":{"line":59,"column":19}},"28":{"start":{"line":58,"column":6},"end":{"line":58,"column":47}},"29":{"start":{"line":60,"column":4},"end":{"line":62,"column":19}},"30":{"start":{"line":61,"column":6},"end":{"line":61,"column":47}},"31":{"start":{"line":63,"column":4},"end":{"line":63,"column":49}},"32":{"start":{"line":64,"column":4},"end":{"line":64,"column":49}},"33":{"start":{"line":65,"column":4},"end":{"line":65,"column":44}}},"fnMap":{"0":{"name":"(anonymous_0)","decl":{"start":{"line":6,"column":2},"end":{"line":6,"column":3}},"loc":{"start":{"line":6,"column":23},"end":{"line":18,"column":3}},"line":6},"1":{"name":"(anonymous_1)","decl":{"start":{"line":21,"column":2},"end":{"line":21,"column":3}},"loc":{"start":{"line":21,"column":23},"end":{"line":36,"column":3}},"line":21},"2":{"name":"(anonymous_2)","decl":{"start":{"line":39,"column":2},"end":{"line":39,"column":3}},"loc":{"start":{"line":39,"column":23},"end":{"line":50,"column":3}},"line":39},"3":{"name":"(anonymous_3)","decl":{"start":{"line":53,"column":2},"end":{"line":53,"column":3}},"loc":{"start":{"line":53,"column":23},"end":{"line":66,"column":3}},"line":53}},"branchMap":{"0":{"loc":{"start":{"line":34,"column":8},"end":{"line":34,"column":28}},"type":"cond-expr","locations":[{"start":{"line":34,"column":21},"end":{"line":34,"column":23}},{"start":{"line":34,"column":26},"end":{"line":34,"column":28}}],"line":34}},"s":{"0":0,"1":0,"2":0,"3":0,"4":0,"5":0,"6":0,"7":0,"8":0,"9":0,"10":0,"11":0,"12":0,"13":0,"14":0,"15":0,"16":0,"17":0,"18":0,"19":0,"20":0,"21":0,"22":0,"23":0,"24":0,"25":0,"26":0,"27":0,"28":0,"29":0,"30":0,"31":0,"32":0,"33":0},"f":{"0":0,"1":0,"2":0,"3":0},"b":{"0":[0,0]},"_coverageSchema":"1a1c01bbd47fc00a2c39e90264f33305004495a9","hash":"59c8685f2f068a150045ad4fea2b0d89f0c32f88"}
,"/Users/wuhao/Documents/codes/hatech/hatech-web-framework/hatech-web-utils/packages/date/index.js": {"path":"/Users/wuhao/Documents/codes/hatech/hatech-web-framework/hatech-web-utils/packages/date/index.js","statementMap":{"0":{"start":{"line":9,"column":4},"end":{"line":9,"column":22}},"1":{"start":{"line":10,"column":4},"end":{"line":10,"column":43}},"2":{"start":{"line":17,"column":4},"end":{"line":17,"column":64}},"3":{"start":{"line":24,"column":4},"end":{"line":24,"column":65}},"4":{"start":{"line":33,"column":4},"end":{"line":33,"column":65}},"5":{"start":{"line":33,"column":49},"end":{"line":33,"column":65}},"6":{"start":{"line":34,"column":4},"end":{"line":34,"column":75}},"7":{"start":{"line":34,"column":59},"end":{"line":34,"column":75}},"8":{"start":{"line":36,"column":4},"end":{"line":36,"column":48}},"9":{"start":{"line":37,"column":4},"end":{"line":37,"column":68}},"10":{"start":{"line":38,"column":4},"end":{"line":38,"column":38}},"11":{"start":{"line":38,"column":30},"end":{"line":38,"column":38}},"12":{"start":{"line":39,"column":4},"end":{"line":39,"column":42}},"13":{"start":{"line":48,"column":4},"end":{"line":48,"column":26}},"14":{"start":{"line":48,"column":15},"end":{"line":48,"column":26}},"15":{"start":{"line":49,"column":4},"end":{"line":49,"column":38}},"16":{"start":{"line":50,"column":4},"end":{"line":50,"column":54}},"17":{"start":{"line":50,"column":28},"end":{"line":50,"column":54}},"18":{"start":{"line":51,"column":4},"end":{"line":51,"column":37}},"19":{"start":{"line":59,"column":4},"end":{"line":59,"column":39}},"20":{"start":{"line":67,"column":4},"end":{"line":67,"column":48}},"21":{"start":{"line":67,"column":42},"end":{"line":67,"column":48}},"22":{"start":{"line":68,"column":20},"end":{"line":68,"column":39}},"23":{"start":{"line":69,"column":4},"end":{"line":69,"column":60}},"24":{"start":{"line":84,"column":8},"end":{"line":84,"column":14}},"25":{"start":{"line":86,"column":19},"end":{"line":86,"column":21}},"26":{"start":{"line":87,"column":4},"end":{"line":87,"column":42}},"27":{"start":{"line":87,"column":14},"end":{"line":87,"column":42}},"28":{"start":{"line":88,"column":4},"end":{"line":92,"column":5}},"29":{"start":{"line":89,"column":6},"end":{"line":89,"column":50}},"30":{"start":{"line":90,"column":6},"end":{"line":90,"column":44}},"31":{"start":{"line":91,"column":6},"end":{"line":91,"column":22}},"32":{"start":{"line":93,"column":4},"end":{"line":97,"column":5}},"33":{"start":{"line":94,"column":6},"end":{"line":94,"column":46}},"34":{"start":{"line":95,"column":6},"end":{"line":95,"column":39}},"35":{"start":{"line":96,"column":6},"end":{"line":96,"column":24}},"36":{"start":{"line":98,"column":4},"end":{"line":101,"column":5}},"37":{"start":{"line":99,"column":6},"end":{"line":99,"column":41}},"38":{"start":{"line":100,"column":6},"end":{"line":100,"column":28}},"39":{"start":{"line":102,"column":4},"end":{"line":105,"column":5}},"40":{"start":{"line":103,"column":6},"end":{"line":103,"column":41}},"41":{"start":{"line":104,"column":6},"end":{"line":104,"column":28}},"42":{"start":{"line":106,"column":4},"end":{"line":108,"column":5}},"43":{"start":{"line":107,"column":6},"end":{"line":107,"column":256}},"44":{"start":{"line":109,"column":4},"end":{"line":109,"column":17}}},"fnMap":{"0":{"name":"(anonymous_0)","decl":{"start":{"line":8,"column":2},"end":{"line":8,"column":3}},"loc":{"start":{"line":8,"column":16},"end":{"line":11,"column":3}},"line":8},"1":{"name":"(anonymous_1)","decl":{"start":{"line":16,"column":2},"end":{"line":16,"column":3}},"loc":{"start":{"line":16,"column":14},"end":{"line":18,"column":3}},"line":16},"2":{"name":"(anonymous_2)","decl":{"start":{"line":23,"column":2},"end":{"line":23,"column":3}},"loc":{"start":{"line":23,"column":15},"end":{"line":25,"column":3}},"line":23},"3":{"name":"(anonymous_3)","decl":{"start":{"line":32,"column":2},"end":{"line":32,"column":3}},"loc":{"start":{"line":32,"column":25},"end":{"line":40,"column":3}},"line":32},"4":{"name":"(anonymous_4)","decl":{"start":{"line":47,"column":2},"end":{"line":47,"column":3}},"loc":{"start":{"line":47,"column":23},"end":{"line":52,"column":3}},"line":47},"5":{"name":"(anonymous_5)","decl":{"start":{"line":58,"column":2},"end":{"line":58,"column":3}},"loc":{"start":{"line":58,"column":18},"end":{"line":60,"column":3}},"line":58},"6":{"name":"(anonymous_6)","decl":{"start":{"line":66,"column":2},"end":{"line":66,"column":3}},"loc":{"start":{"line":66,"column":23},"end":{"line":70,"column":3}},"line":66},"7":{"name":"(anonymous_7)","decl":{"start":{"line":77,"column":2},"end":{"line":77,"column":3}},"loc":{"start":{"line":77,"column":34},"end":{"line":110,"column":3}},"line":77}},"branchMap":{"0":{"loc":{"start":{"line":17,"column":11},"end":{"line":17,"column":64}},"type":"binary-expr","locations":[{"start":{"line":17,"column":11},"end":{"line":17,"column":14}},{"start":{"line":17,"column":18},"end":{"line":17,"column":41}},{"start":{"line":17,"column":45},"end":{"line":17,"column":64}}],"line":17},"1":{"loc":{"start":{"line":24,"column":11},"end":{"line":24,"column":65}},"type":"binary-expr","locations":[{"start":{"line":24,"column":11},"end":{"line":24,"column":14}},{"start":{"line":24,"column":18},"end":{"line":24,"column":41}},{"start":{"line":24,"column":45},"end":{"line":24,"column":65}}],"line":24},"2":{"loc":{"start":{"line":33,"column":4},"end":{"line":33,"column":65}},"type":"if","locations":[{"start":{"line":33,"column":4},"end":{"line":33,"column":65}},{"start":{"line":33,"column":4},"end":{"line":33,"column":65}}],"line":33},"3":{"loc":{"start":{"line":33,"column":8},"end":{"line":33,"column":47}},"type":"binary-expr","locations":[{"start":{"line":33,"column":8},"end":{"line":33,"column":25}},{"start":{"line":33,"column":29},"end":{"line":33,"column":47}}],"line":33},"4":{"loc":{"start":{"line":34,"column":4},"end":{"line":34,"column":75}},"type":"if","locations":[{"start":{"line":34,"column":4},"end":{"line":34,"column":75}},{"start":{"line":34,"column":4},"end":{"line":34,"column":75}}],"line":34},"5":{"loc":{"start":{"line":34,"column":8},"end":{"line":34,"column":57}},"type":"binary-expr","locations":[{"start":{"line":34,"column":8},"end":{"line":34,"column":30}},{"start":{"line":34,"column":34},"end":{"line":34,"column":57}}],"line":34},"6":{"loc":{"start":{"line":36,"column":10},"end":{"line":36,"column":48}},"type":"cond-expr","locations":[{"start":{"line":36,"column":31},"end":{"line":36,"column":34}},{"start":{"line":36,"column":37},"end":{"line":36,"column":48}}],"line":36},"7":{"loc":{"start":{"line":37,"column":15},"end":{"line":37,"column":68}},"type":"cond-expr","locations":[{"start":{"line":37,"column":41},"end":{"line":37,"column":49}},{"start":{"line":37,"column":52},"end":{"line":37,"column":68}}],"line":37},"8":{"loc":{"start":{"line":38,"column":4},"end":{"line":38,"column":38}},"type":"if","locations":[{"start":{"line":38,"column":4},"end":{"line":38,"column":38}},{"start":{"line":38,"column":4},"end":{"line":38,"column":38}}],"line":38},"9":{"loc":{"start":{"line":39,"column":11},"end":{"line":39,"column":42}},"type":"cond-expr","locations":[{"start":{"line":39,"column":36},"end":{"line":39,"column":38}},{"start":{"line":39,"column":41},"end":{"line":39,"column":42}}],"line":39},"10":{"loc":{"start":{"line":48,"column":4},"end":{"line":48,"column":26}},"type":"if","locations":[{"start":{"line":48,"column":4},"end":{"line":48,"column":26}},{"start":{"line":48,"column":4},"end":{"line":48,"column":26}}],"line":48},"11":{"loc":{"start":{"line":49,"column":13},"end":{"line":49,"column":38}},"type":"binary-expr","locations":[{"start":{"line":49,"column":13},"end":{"line":49,"column":19}},{"start":{"line":49,"column":23},"end":{"line":49,"column":38}}],"line":49},"12":{"loc":{"start":{"line":50,"column":4},"end":{"line":50,"column":54}},"type":"if","locations":[{"start":{"line":50,"column":4},"end":{"line":50,"column":54}},{"start":{"line":50,"column":4},"end":{"line":50,"column":54}}],"line":50},"13":{"loc":{"start":{"line":67,"column":4},"end":{"line":67,"column":48}},"type":"if","locations":[{"start":{"line":67,"column":4},"end":{"line":67,"column":48}},{"start":{"line":67,"column":4},"end":{"line":67,"column":48}}],"line":67},"14":{"loc":{"start":{"line":77,"column":21},"end":{"line":77,"column":32}},"type":"default-arg","locations":[{"start":{"line":77,"column":30},"end":{"line":77,"column":32}}],"line":77},"15":{"loc":{"start":{"line":79,"column":6},"end":{"line":79,"column":18}},"type":"default-arg","locations":[{"start":{"line":79,"column":13},"end":{"line":79,"column":18}}],"line":79},"16":{"loc":{"start":{"line":80,"column":6},"end":{"line":80,"column":27}},"type":"default-arg","locations":[{"start":{"line":80,"column":19},"end":{"line":80,"column":27}}],"line":80},"17":{"loc":{"start":{"line":81,"column":6},"end":{"line":83,"column":7}},"type":"default-arg","locations":[{"start":{"line":81,"column":15},"end":{"line":83,"column":7}}],"line":81},"18":{"loc":{"start":{"line":87,"column":4},"end":{"line":87,"column":42}},"type":"if","locations":[{"start":{"line":87,"column":4},"end":{"line":87,"column":42}},{"start":{"line":87,"column":4},"end":{"line":87,"column":42}}],"line":87},"19":{"loc":{"start":{"line":88,"column":4},"end":{"line":92,"column":5}},"type":"if","locations":[{"start":{"line":88,"column":4},"end":{"line":92,"column":5}},{"start":{"line":88,"column":4},"end":{"line":92,"column":5}}],"line":88},"20":{"loc":{"start":{"line":93,"column":4},"end":{"line":97,"column":5}},"type":"if","locations":[{"start":{"line":93,"column":4},"end":{"line":97,"column":5}},{"start":{"line":93,"column":4},"end":{"line":97,"column":5}}],"line":93},"21":{"loc":{"start":{"line":98,"column":4},"end":{"line":101,"column":5}},"type":"if","locations":[{"start":{"line":98,"column":4},"end":{"line":101,"column":5}},{"start":{"line":98,"column":4},"end":{"line":101,"column":5}}],"line":98},"22":{"loc":{"start":{"line":102,"column":4},"end":{"line":105,"column":5}},"type":"if","locations":[{"start":{"line":102,"column":4},"end":{"line":105,"column":5}},{"start":{"line":102,"column":4},"end":{"line":105,"column":5}}],"line":102},"23":{"loc":{"start":{"line":106,"column":4},"end":{"line":108,"column":5}},"type":"if","locations":[{"start":{"line":106,"column":4},"end":{"line":108,"column":5}},{"start":{"line":106,"column":4},"end":{"line":108,"column":5}}],"line":106},"24":{"loc":{"start":{"line":107,"column":16},"end":{"line":107,"column":68}},"type":"cond-expr","locations":[{"start":{"line":107,"column":47},"end":{"line":107,"column":63}},{"start":{"line":107,"column":66},"end":{"line":107,"column":68}}],"line":107},"25":{"loc":{"start":{"line":107,"column":16},"end":{"line":107,"column":44}},"type":"binary-expr","locations":[{"start":{"line":107,"column":16},"end":{"line":107,"column":26}},{"start":{"line":107,"column":30},"end":{"line":107,"column":44}}],"line":107},"26":{"loc":{"start":{"line":107,"column":71},"end":{"line":107,"column":126}},"type":"cond-expr","locations":[{"start":{"line":107,"column":104},"end":{"line":107,"column":121}},{"start":{"line":107,"column":124},"end":{"line":107,"column":126}}],"line":107},"27":{"loc":{"start":{"line":107,"column":71},"end":{"line":107,"column":101}},"type":"binary-expr","locations":[{"start":{"line":107,"column":71},"end":{"line":107,"column":82}},{"start":{"line":107,"column":86},"end":{"line":107,"column":101}}],"line":107},"28":{"loc":{"start":{"line":107,"column":129},"end":{"line":107,"column":190}},"type":"cond-expr","locations":[{"start":{"line":107,"column":166},"end":{"line":107,"column":185}},{"start":{"line":107,"column":188},"end":{"line":107,"column":190}}],"line":107},"29":{"loc":{"start":{"line":107,"column":129},"end":{"line":107,"column":163}},"type":"binary-expr","locations":[{"start":{"line":107,"column":129},"end":{"line":107,"column":142}},{"start":{"line":107,"column":146},"end":{"line":107,"column":163}}],"line":107},"30":{"loc":{"start":{"line":107,"column":193},"end":{"line":107,"column":254}},"type":"cond-expr","locations":[{"start":{"line":107,"column":230},"end":{"line":107,"column":249}},{"start":{"line":107,"column":252},"end":{"line":107,"column":254}}],"line":107},"31":{"loc":{"start":{"line":107,"column":193},"end":{"line":107,"column":227}},"type":"binary-expr","locations":[{"start":{"line":107,"column":193},"end":{"line":107,"column":206}},{"start":{"line":107,"column":210},"end":{"line":107,"column":227}}],"line":107}},"s":{"0":1,"1":1,"2":0,"3":0,"4":0,"5":0,"6":0,"7":0,"8":0,"9":0,"10":0,"11":0,"12":0,"13":0,"14":0,"15":0,"16":0,"17":0,"18":0,"19":0,"20":0,"21":0,"22":0,"23":0,"24":0,"25":0,"26":0,"27":0,"28":0,"29":0,"30":0,"31":0,"32":0,"33":0,"34":0,"35":0,"36":0,"37":0,"38":0,"39":0,"40":0,"41":0,"42":0,"43":0,"44":0},"f":{"0":1,"1":0,"2":0,"3":0,"4":0,"5":0,"6":0,"7":0},"b":{"0":[0,0,0],"1":[0,0,0],"2":[0,0],"3":[0,0],"4":[0,0],"5":[0,0],"6":[0,0],"7":[0,0],"8":[0,0],"9":[0,0],"10":[0,0],"11":[0,0],"12":[0,0],"13":[0,0],"14":[0],"15":[0],"16":[0],"17":[0],"18":[0,0],"19":[0,0],"20":[0,0],"21":[0,0],"22":[0,0],"23":[0,0],"24":[0,0],"25":[0,0],"26":[0,0],"27":[0,0],"28":[0,0],"29":[0,0],"30":[0,0],"31":[0,0]},"_coverageSchema":"1a1c01bbd47fc00a2c39e90264f33305004495a9","hash":"b0b40674cd2066d48c2d0e945e8eaf488ce0a146"}
,"/Users/wuhao/Documents/codes/hatech/hatech-web-framework/hatech-web-utils/packages/dom/index.js": {"path":"/Users/wuhao/Documents/codes/hatech/hatech-web-framework/hatech-web-utils/packages/dom/index.js","statementMap":{"0":{"start":{"line":8,"column":19},"end":{"line":8,"column":20}},"1":{"start":{"line":9,"column":4},"end":{"line":17,"column":5}},"2":{"start":{"line":10,"column":6},"end":{"line":10,"column":18}},"3":{"start":{"line":11,"column":16},"end":{"line":11,"column":48}},"4":{"start":{"line":12,"column":6},"end":{"line":12,"column":51}},"5":{"start":{"line":13,"column":6},"end":{"line":13,"column":32}},"6":{"start":{"line":14,"column":11},"end":{"line":17,"column":5}},"7":{"start":{"line":16,"column":6},"end":{"line":16,"column":35}},"8":{"start":{"line":18,"column":4},"end":{"line":18,"column":21}},"9":{"start":{"line":26,"column":4},"end":{"line":26,"column":44}},"10":{"start":{"line":27,"column":4},"end":{"line":36,"column":5}},"11":{"start":{"line":28,"column":6},"end":{"line":28,"column":17}},"12":{"start":{"line":29,"column":6},"end":{"line":29,"column":37}},"13":{"start":{"line":30,"column":11},"end":{"line":36,"column":5}},"14":{"start":{"line":31,"column":18},"end":{"line":31,"column":39}},"15":{"start":{"line":32,"column":6},"end":{"line":32,"column":26}},"16":{"start":{"line":33,"column":6},"end":{"line":33,"column":37}},"17":{"start":{"line":34,"column":6},"end":{"line":34,"column":39}},"18":{"start":{"line":35,"column":6},"end":{"line":35,"column":20}},"19":{"start":{"line":43,"column":20},"end":{"line":43,"column":67}},"20":{"start":{"line":44,"column":4},"end":{"line":44,"column":48}},"21":{"start":{"line":44,"column":42},"end":{"line":44,"column":48}},"22":{"start":{"line":45,"column":4},"end":{"line":49,"column":5}},"23":{"start":{"line":46,"column":6},"end":{"line":46,"column":47}},"24":{"start":{"line":47,"column":11},"end":{"line":49,"column":5}},"25":{"start":{"line":48,"column":6},"end":{"line":48,"column":50}}},"fnMap":{"0":{"name":"(anonymous_0)","decl":{"start":{"line":7,"column":2},"end":{"line":7,"column":3}},"loc":{"start":{"line":7,"column":26},"end":{"line":19,"column":3}},"line":7},"1":{"name":"(anonymous_1)","decl":{"start":{"line":25,"column":2},"end":{"line":25,"column":3}},"loc":{"start":{"line":25,"column":29},"end":{"line":37,"column":3}},"line":25},"2":{"name":"(anonymous_2)","decl":{"start":{"line":42,"column":2},"end":{"line":42,"column":3}},"loc":{"start":{"line":42,"column":42},"end":{"line":50,"column":3}},"line":42}},"branchMap":{"0":{"loc":{"start":{"line":9,"column":4},"end":{"line":17,"column":5}},"type":"if","locations":[{"start":{"line":9,"column":4},"end":{"line":17,"column":5}},{"start":{"line":9,"column":4},"end":{"line":17,"column":5}}],"line":9},"1":{"loc":{"start":{"line":14,"column":11},"end":{"line":17,"column":5}},"type":"if","locations":[{"start":{"line":14,"column":11},"end":{"line":17,"column":5}},{"start":{"line":14,"column":11},"end":{"line":17,"column":5}}],"line":14},"2":{"loc":{"start":{"line":14,"column":15},"end":{"line":14,"column":65}},"type":"binary-expr","locations":[{"start":{"line":14,"column":15},"end":{"line":14,"column":33}},{"start":{"line":14,"column":37},"end":{"line":14,"column":65}}],"line":14},"3":{"loc":{"start":{"line":26,"column":10},"end":{"line":26,"column":44}},"type":"cond-expr","locations":[{"start":{"line":26,"column":22},"end":{"line":26,"column":38}},{"start":{"line":26,"column":41},"end":{"line":26,"column":44}}],"line":26},"4":{"loc":{"start":{"line":27,"column":4},"end":{"line":36,"column":5}},"type":"if","locations":[{"start":{"line":27,"column":4},"end":{"line":36,"column":5}},{"start":{"line":27,"column":4},"end":{"line":36,"column":5}}],"line":27},"5":{"loc":{"start":{"line":30,"column":11},"end":{"line":36,"column":5}},"type":"if","locations":[{"start":{"line":30,"column":11},"end":{"line":36,"column":5}},{"start":{"line":30,"column":11},"end":{"line":36,"column":5}}],"line":30},"6":{"loc":{"start":{"line":42,"column":13},"end":{"line":42,"column":40}},"type":"default-arg","locations":[{"start":{"line":42,"column":30},"end":{"line":42,"column":40}}],"line":42},"7":{"loc":{"start":{"line":44,"column":4},"end":{"line":44,"column":48}},"type":"if","locations":[{"start":{"line":44,"column":4},"end":{"line":44,"column":48}},{"start":{"line":44,"column":4},"end":{"line":44,"column":48}}],"line":44},"8":{"loc":{"start":{"line":44,"column":8},"end":{"line":44,"column":40}},"type":"binary-expr","locations":[{"start":{"line":44,"column":8},"end":{"line":44,"column":16}},{"start":{"line":44,"column":20},"end":{"line":44,"column":40}}],"line":44},"9":{"loc":{"start":{"line":45,"column":4},"end":{"line":49,"column":5}},"type":"if","locations":[{"start":{"line":45,"column":4},"end":{"line":49,"column":5}},{"start":{"line":45,"column":4},"end":{"line":49,"column":5}}],"line":45},"10":{"loc":{"start":{"line":47,"column":11},"end":{"line":49,"column":5}},"type":"if","locations":[{"start":{"line":47,"column":11},"end":{"line":49,"column":5}},{"start":{"line":47,"column":11},"end":{"line":49,"column":5}}],"line":47}},"s":{"0":0,"1":0,"2":0,"3":0,"4":0,"5":0,"6":0,"7":0,"8":0,"9":0,"10":0,"11":0,"12":0,"13":0,"14":0,"15":0,"16":0,"17":0,"18":0,"19":0,"20":0,"21":0,"22":0,"23":0,"24":0,"25":0},"f":{"0":0,"1":0,"2":0},"b":{"0":[0,0],"1":[0,0],"2":[0,0],"3":[0,0],"4":[0,0],"5":[0,0],"6":[0],"7":[0,0],"8":[0,0],"9":[0,0],"10":[0,0]},"_coverageSchema":"1a1c01bbd47fc00a2c39e90264f33305004495a9","hash":"a19bae6d25caa000ec9a4214bdd467393e7997b2"}
,"/Users/wuhao/Documents/codes/hatech/hatech-web-framework/hatech-web-utils/packages/file/index.js": {"path":"/Users/wuhao/Documents/codes/hatech/hatech-web-framework/hatech-web-utils/packages/file/index.js","statementMap":{"0":{"start":{"line":9,"column":38},"end":{"line":9,"column":44}},"1":{"start":{"line":10,"column":20},"end":{"line":10,"column":47}},"2":{"start":{"line":11,"column":4},"end":{"line":11,"column":60}},"3":{"start":{"line":12,"column":4},"end":{"line":12,"column":34}},"4":{"start":{"line":13,"column":23},"end":{"line":13,"column":25}},"5":{"start":{"line":14,"column":4},"end":{"line":14,"column":50}},"6":{"start":{"line":14,"column":21},"end":{"line":14,"column":50}},"7":{"start":{"line":15,"column":17},"end":{"line":15,"column":47}},"8":{"start":{"line":16,"column":4},"end":{"line":16,"column":44}},"9":{"start":{"line":17,"column":4},"end":{"line":17,"column":38}},"10":{"start":{"line":18,"column":4},"end":{"line":18,"column":19}},"11":{"start":{"line":19,"column":4},"end":{"line":19,"column":38}},"12":{"start":{"line":30,"column":38},"end":{"line":30,"column":44}},"13":{"start":{"line":31,"column":35},"end":{"line":31,"column":43}},"14":{"start":{"line":32,"column":19},"end":{"line":32,"column":82}},"15":{"start":{"line":33,"column":23},"end":{"line":33,"column":60}},"16":{"start":{"line":34,"column":16},"end":{"line":34,"column":59}},"17":{"start":{"line":35,"column":27},"end":{"line":37,"column":115}},"18":{"start":{"line":38,"column":4},"end":{"line":38,"column":42}},"19":{"start":{"line":47,"column":16},"end":{"line":47,"column":59}},"20":{"start":{"line":48,"column":27},"end":{"line":50,"column":115}},"21":{"start":{"line":51,"column":4},"end":{"line":51,"column":48}}},"fnMap":{"0":{"name":"(anonymous_0)","decl":{"start":{"line":8,"column":2},"end":{"line":8,"column":3}},"loc":{"start":{"line":8,"column":29},"end":{"line":20,"column":3}},"line":8},"1":{"name":"(anonymous_1)","decl":{"start":{"line":29,"column":2},"end":{"line":29,"column":3}},"loc":{"start":{"line":29,"column":23},"end":{"line":39,"column":3}},"line":29},"2":{"name":"(anonymous_2)","decl":{"start":{"line":46,"column":2},"end":{"line":46,"column":3}},"loc":{"start":{"line":46,"column":46},"end":{"line":52,"column":3}},"line":46}},"branchMap":{"0":{"loc":{"start":{"line":11,"column":23},"end":{"line":11,"column":60}},"type":"binary-expr","locations":[{"start":{"line":11,"column":23},"end":{"line":11,"column":31}},{"start":{"line":11,"column":35},"end":{"line":11,"column":60}}],"line":11},"1":{"loc":{"start":{"line":14,"column":4},"end":{"line":14,"column":50}},"type":"if","locations":[{"start":{"line":14,"column":4},"end":{"line":14,"column":50}},{"start":{"line":14,"column":4},"end":{"line":14,"column":50}}],"line":14},"2":{"loc":{"start":{"line":29,"column":10},"end":{"line":29,"column":21}},"type":"default-arg","locations":[{"start":{"line":29,"column":19},"end":{"line":29,"column":21}}],"line":29},"3":{"loc":{"start":{"line":32,"column":19},"end":{"line":32,"column":82}},"type":"cond-expr","locations":[{"start":{"line":32,"column":28},"end":{"line":32,"column":45}},{"start":{"line":32,"column":48},"end":{"line":32,"column":82}}],"line":32}},"s":{"0":0,"1":0,"2":0,"3":0,"4":0,"5":0,"6":0,"7":0,"8":0,"9":0,"10":0,"11":0,"12":0,"13":0,"14":0,"15":0,"16":0,"17":0,"18":0,"19":0,"20":0,"21":0},"f":{"0":0,"1":0,"2":0},"b":{"0":[0,0],"1":[0,0],"2":[0],"3":[0,0]},"_coverageSchema":"1a1c01bbd47fc00a2c39e90264f33305004495a9","hash":"6e1ae8875d341b86d2e521e182ef1471889fcea2"}
,"/Users/wuhao/Documents/codes/hatech/hatech-web-framework/hatech-web-utils/packages/function/index.js": {"path":"/Users/wuhao/Documents/codes/hatech/hatech-web-framework/hatech-web-utils/packages/function/index.js","statementMap":{"0":{"start":{"line":11,"column":4},"end":{"line":13,"column":5}},"1":{"start":{"line":12,"column":6},"end":{"line":12,"column":27}},"2":{"start":{"line":14,"column":4},"end":{"line":14,"column":16}}},"fnMap":{"0":{"name":"(anonymous_0)","decl":{"start":{"line":10,"column":2},"end":{"line":10,"column":3}},"loc":{"start":{"line":10,"column":26},"end":{"line":15,"column":3}},"line":10}},"branchMap":{"0":{"loc":{"start":{"line":11,"column":4},"end":{"line":13,"column":5}},"type":"if","locations":[{"start":{"line":11,"column":4},"end":{"line":13,"column":5}},{"start":{"line":11,"column":4},"end":{"line":13,"column":5}}],"line":11}},"s":{"0":0,"1":0,"2":0},"f":{"0":0},"b":{"0":[0,0]},"_coverageSchema":"1a1c01bbd47fc00a2c39e90264f33305004495a9","hash":"ca6ffa7b4c4e78097cbc7b9e4177e809eb44f041"}
,"/Users/wuhao/Documents/codes/hatech/hatech-web-framework/hatech-web-utils/packages/object/index.js": {"path":"/Users/wuhao/Documents/codes/hatech/hatech-web-framework/hatech-web-utils/packages/object/index.js","statementMap":{"0":{"start":{"line":10,"column":4},"end":{"line":10,"column":52}},"1":{"start":{"line":17,"column":17},"end":{"line":17,"column":21}},"2":{"start":{"line":18,"column":19},"end":{"line":18,"column":21}},"3":{"start":{"line":21,"column":6},"end":{"line":29,"column":8}},"4":{"start":{"line":22,"column":22},"end":{"line":22,"column":30}},"5":{"start":{"line":23,"column":8},"end":{"line":28,"column":9}},"6":{"start":{"line":24,"column":10},"end":{"line":24,"column":38}},"7":{"start":{"line":24,"column":25},"end":{"line":24,"column":38}},"8":{"start":{"line":25,"column":10},"end":{"line":25,"column":31}},"9":{"start":{"line":27,"column":10},"end":{"line":27,"column":26}},"10":{"start":{"line":32,"column":4},"end":{"line":37,"column":6}},"11":{"start":{"line":33,"column":6},"end":{"line":35,"column":7}},"12":{"start":{"line":34,"column":8},"end":{"line":34,"column":14}},"13":{"start":{"line":36,"column":6},"end":{"line":36,"column":23}},"14":{"start":{"line":38,"column":4},"end":{"line":38,"column":17}}},"fnMap":{"0":{"name":"(anonymous_0)","decl":{"start":{"line":9,"column":2},"end":{"line":9,"column":3}},"loc":{"start":{"line":9,"column":16},"end":{"line":11,"column":3}},"line":9},"1":{"name":"(anonymous_1)","decl":{"start":{"line":16,"column":2},"end":{"line":16,"column":3}},"loc":{"start":{"line":16,"column":17},"end":{"line":39,"column":3}},"line":16},"2":{"name":"deep","decl":{"start":{"line":20,"column":13},"end":{"line":20,"column":17}},"loc":{"start":{"line":20,"column":28},"end":{"line":30,"column":5}},"line":20},"3":{"name":"(anonymous_3)","decl":{"start":{"line":21,"column":31},"end":{"line":21,"column":32}},"loc":{"start":{"line":21,"column":38},"end":{"line":29,"column":7}},"line":21},"4":{"name":"(anonymous_4)","decl":{"start":{"line":32,"column":17},"end":{"line":32,"column":18}},"loc":{"start":{"line":32,"column":24},"end":{"line":37,"column":5}},"line":32}},"branchMap":{"0":{"loc":{"start":{"line":23,"column":8},"end":{"line":28,"column":9}},"type":"if","locations":[{"start":{"line":23,"column":8},"end":{"line":28,"column":9}},{"start":{"line":23,"column":8},"end":{"line":28,"column":9}}],"line":23},"1":{"loc":{"start":{"line":24,"column":10},"end":{"line":24,"column":38}},"type":"if","locations":[{"start":{"line":24,"column":10},"end":{"line":24,"column":38}},{"start":{"line":24,"column":10},"end":{"line":24,"column":38}}],"line":24},"2":{"loc":{"start":{"line":33,"column":6},"end":{"line":35,"column":7}},"type":"if","locations":[{"start":{"line":33,"column":6},"end":{"line":35,"column":7}},{"start":{"line":33,"column":6},"end":{"line":35,"column":7}}],"line":33}},"s":{"0":0,"1":0,"2":0,"3":0,"4":0,"5":0,"6":0,"7":0,"8":0,"9":0,"10":0,"11":0,"12":0,"13":0,"14":0},"f":{"0":0,"1":0,"2":0,"3":0,"4":0},"b":{"0":[0,0],"1":[0,0],"2":[0,0]},"_coverageSchema":"1a1c01bbd47fc00a2c39e90264f33305004495a9","hash":"1f7c062d2a18775ad29a14e562ad1f265a891d15"}
,"/Users/wuhao/Documents/codes/hatech/hatech-web-framework/hatech-web-utils/packages/regexp/index.js": {"path":"/Users/wuhao/Documents/codes/hatech/hatech-web-framework/hatech-web-utils/packages/regexp/index.js","statementMap":{"0":{"start":{"line":13,"column":4},"end":{"line":13,"column":66}},"1":{"start":{"line":13,"column":54},"end":{"line":13,"column":66}},"2":{"start":{"line":14,"column":21},"end":{"line":14,"column":36}},"3":{"start":{"line":15,"column":4},"end":{"line":15,"column":38}},"4":{"start":{"line":15,"column":21},"end":{"line":15,"column":38}},"5":{"start":{"line":17,"column":4},"end":{"line":19,"column":5}},"6":{"start":{"line":18,"column":6},"end":{"line":18,"column":38}},"7":{"start":{"line":20,"column":4},"end":{"line":20,"column":45}},"8":{"start":{"line":34,"column":0},"end":{"line":121,"column":1}},"9":{"start":{"line":46,"column":17},"end":{"line":48,"column":4}},"10":{"start":{"line":50,"column":23},"end":{"line":56,"column":4}}},"fnMap":{"0":{"name":"(anonymous_0)","decl":{"start":{"line":12,"column":2},"end":{"line":12,"column":3}},"loc":{"start":{"line":12,"column":29},"end":{"line":21,"column":3}},"line":12},"1":{"name":"(anonymous_1)","decl":{"start":{"line":46,"column":12},"end":{"line":46,"column":13}},"loc":{"start":{"line":46,"column":17},"end":{"line":48,"column":4}},"line":46},"2":{"name":"(anonymous_2)","decl":{"start":{"line":50,"column":13},"end":{"line":50,"column":14}},"loc":{"start":{"line":50,"column":23},"end":{"line":56,"column":4}},"line":50}},"branchMap":{"0":{"loc":{"start":{"line":13,"column":4},"end":{"line":13,"column":66}},"type":"if","locations":[{"start":{"line":13,"column":4},"end":{"line":13,"column":66}},{"start":{"line":13,"column":4},"end":{"line":13,"column":66}}],"line":13},"1":{"loc":{"start":{"line":13,"column":8},"end":{"line":13,"column":52}},"type":"binary-expr","locations":[{"start":{"line":13,"column":8},"end":{"line":13,"column":14}},{"start":{"line":13,"column":18},"end":{"line":13,"column":43}},{"start":{"line":13,"column":47},"end":{"line":13,"column":52}}],"line":13},"2":{"loc":{"start":{"line":15,"column":4},"end":{"line":15,"column":38}},"type":"if","locations":[{"start":{"line":15,"column":4},"end":{"line":15,"column":38}},{"start":{"line":15,"column":4},"end":{"line":15,"column":38}}],"line":15},"3":{"loc":{"start":{"line":17,"column":4},"end":{"line":19,"column":5}},"type":"if","locations":[{"start":{"line":17,"column":4},"end":{"line":19,"column":5}},{"start":{"line":17,"column":4},"end":{"line":19,"column":5}}],"line":17}},"s":{"0":0,"1":0,"2":0,"3":0,"4":0,"5":0,"6":0,"7":0,"8":1,"9":0,"10":0},"f":{"0":0,"1":0,"2":0},"b":{"0":[0,0],"1":[0,0,0],"2":[0,0],"3":[0,0]},"_coverageSchema":"1a1c01bbd47fc00a2c39e90264f33305004495a9","hash":"2837770236138dafc3d0f398c4783acda38fc38c"}
,"/Users/wuhao/Documents/codes/hatech/hatech-web-framework/hatech-web-utils/packages/string/index.js": {"path":"/Users/wuhao/Documents/codes/hatech/hatech-web-framework/hatech-web-utils/packages/string/index.js","statementMap":{"0":{"start":{"line":10,"column":4},"end":{"line":10,"column":47}},"1":{"start":{"line":17,"column":4},"end":{"line":17,"column":48}},"2":{"start":{"line":24,"column":4},"end":{"line":24,"column":67}},"3":{"start":{"line":31,"column":4},"end":{"line":31,"column":32}},"4":{"start":{"line":38,"column":4},"end":{"line":38,"column":69}},"5":{"start":{"line":38,"column":56},"end":{"line":38,"column":69}},"6":{"start":{"line":39,"column":4},"end":{"line":39,"column":76}},"7":{"start":{"line":39,"column":55},"end":{"line":39,"column":75}},"8":{"start":{"line":46,"column":4},"end":{"line":46,"column":69}},"9":{"start":{"line":46,"column":56},"end":{"line":46,"column":69}},"10":{"start":{"line":47,"column":4},"end":{"line":47,"column":58}}},"fnMap":{"0":{"name":"(anonymous_0)","decl":{"start":{"line":9,"column":2},"end":{"line":9,"column":3}},"loc":{"start":{"line":9,"column":19},"end":{"line":11,"column":3}},"line":9},"1":{"name":"(anonymous_1)","decl":{"start":{"line":16,"column":2},"end":{"line":16,"column":3}},"loc":{"start":{"line":16,"column":20},"end":{"line":18,"column":3}},"line":16},"2":{"name":"(anonymous_2)","decl":{"start":{"line":23,"column":2},"end":{"line":23,"column":3}},"loc":{"start":{"line":23,"column":18},"end":{"line":25,"column":3}},"line":23},"3":{"name":"(anonymous_3)","decl":{"start":{"line":30,"column":2},"end":{"line":30,"column":3}},"loc":{"start":{"line":30,"column":19},"end":{"line":32,"column":3}},"line":30},"4":{"name":"(anonymous_4)","decl":{"start":{"line":37,"column":2},"end":{"line":37,"column":3}},"loc":{"start":{"line":37,"column":17},"end":{"line":40,"column":3}},"line":37},"5":{"name":"(anonymous_5)","decl":{"start":{"line":39,"column":38},"end":{"line":39,"column":39}},"loc":{"start":{"line":39,"column":55},"end":{"line":39,"column":75}},"line":39},"6":{"name":"(anonymous_6)","decl":{"start":{"line":45,"column":2},"end":{"line":45,"column":3}},"loc":{"start":{"line":45,"column":17},"end":{"line":48,"column":3}},"line":45}},"branchMap":{"0":{"loc":{"start":{"line":10,"column":11},"end":{"line":10,"column":47}},"type":"binary-expr","locations":[{"start":{"line":10,"column":11},"end":{"line":10,"column":17}},{"start":{"line":10,"column":21},"end":{"line":10,"column":47}}],"line":10},"1":{"loc":{"start":{"line":17,"column":11},"end":{"line":17,"column":48}},"type":"binary-expr","locations":[{"start":{"line":17,"column":11},"end":{"line":17,"column":18}},{"start":{"line":17,"column":22},"end":{"line":17,"column":48}}],"line":17},"2":{"loc":{"start":{"line":24,"column":11},"end":{"line":24,"column":67}},"type":"binary-expr","locations":[{"start":{"line":24,"column":11},"end":{"line":24,"column":31}},{"start":{"line":24,"column":35},"end":{"line":24,"column":50}},{"start":{"line":24,"column":54},"end":{"line":24,"column":67}}],"line":24},"3":{"loc":{"start":{"line":38,"column":4},"end":{"line":38,"column":69}},"type":"if","locations":[{"start":{"line":38,"column":4},"end":{"line":38,"column":69}},{"start":{"line":38,"column":4},"end":{"line":38,"column":69}}],"line":38},"4":{"loc":{"start":{"line":38,"column":8},"end":{"line":38,"column":54}},"type":"binary-expr","locations":[{"start":{"line":38,"column":8},"end":{"line":38,"column":30}},{"start":{"line":38,"column":34},"end":{"line":38,"column":54}}],"line":38},"5":{"loc":{"start":{"line":46,"column":4},"end":{"line":46,"column":69}},"type":"if","locations":[{"start":{"line":46,"column":4},"end":{"line":46,"column":69}},{"start":{"line":46,"column":4},"end":{"line":46,"column":69}}],"line":46},"6":{"loc":{"start":{"line":46,"column":8},"end":{"line":46,"column":54}},"type":"binary-expr","locations":[{"start":{"line":46,"column":8},"end":{"line":46,"column":30}},{"start":{"line":46,"column":34},"end":{"line":46,"column":54}}],"line":46}},"s":{"0":0,"1":0,"2":0,"3":0,"4":0,"5":0,"6":0,"7":0,"8":0,"9":0,"10":0},"f":{"0":0,"1":0,"2":0,"3":0,"4":0,"5":0,"6":0},"b":{"0":[0,0],"1":[0,0],"2":[0,0,0],"3":[0,0],"4":[0,0],"5":[0,0],"6":[0,0]},"_coverageSchema":"1a1c01bbd47fc00a2c39e90264f33305004495a9","hash":"b11cc9106df45330dd2092db59fe77b2546d09ad"}
,"/Users/wuhao/Documents/codes/hatech/hatech-web-framework/hatech-web-utils/packages/tree/index.js": {"path":"/Users/wuhao/Documents/codes/hatech/hatech-web-framework/hatech-web-utils/packages/tree/index.js","statementMap":{"0":{"start":{"line":13,"column":4},"end":{"line":24,"column":5}},"1":{"start":{"line":14,"column":6},"end":{"line":14,"column":65}},"2":{"start":{"line":14,"column":26},"end":{"line":14,"column":64}},"3":{"start":{"line":16,"column":6},"end":{"line":20,"column":7}},"4":{"start":{"line":17,"column":8},"end":{"line":17,"column":42}},"5":{"start":{"line":19,"column":8},"end":{"line":19,"column":24}},"6":{"start":{"line":21,"column":6},"end":{"line":23,"column":7}},"7":{"start":{"line":22,"column":8},"end":{"line":22,"column":70}},"8":{"start":{"line":22,"column":34},"end":{"line":22,"column":69}},"9":{"start":{"line":34,"column":4},"end":{"line":43,"column":13}},"10":{"start":{"line":35,"column":6},"end":{"line":35,"column":24}},"11":{"start":{"line":35,"column":18},"end":{"line":35,"column":24}},"12":{"start":{"line":36,"column":6},"end":{"line":42,"column":8}},"13":{"start":{"line":37,"column":8},"end":{"line":40,"column":9}},"14":{"start":{"line":38,"column":10},"end":{"line":38,"column":20}},"15":{"start":{"line":39,"column":10},"end":{"line":39,"column":16}},"16":{"start":{"line":41,"column":8},"end":{"line":41,"column":47}},"17":{"start":{"line":41,"column":24},"end":{"line":41,"column":47}},"18":{"start":{"line":44,"column":4},"end":{"line":44,"column":17}},"19":{"start":{"line":54,"column":17},"end":{"line":54,"column":19}},"20":{"start":{"line":56,"column":4},"end":{"line":67,"column":58}},"21":{"start":{"line":57,"column":6},"end":{"line":57,"column":30}},"22":{"start":{"line":57,"column":18},"end":{"line":57,"column":30}},"23":{"start":{"line":58,"column":6},"end":{"line":66,"column":7}},"24":{"start":{"line":59,"column":8},"end":{"line":59,"column":21}},"25":{"start":{"line":60,"column":8},"end":{"line":60,"column":22}},"26":{"start":{"line":61,"column":8},"end":{"line":61,"column":32}},"27":{"start":{"line":61,"column":20},"end":{"line":61,"column":32}},"28":{"start":{"line":62,"column":13},"end":{"line":66,"column":7}},"29":{"start":{"line":63,"column":8},"end":{"line":65,"column":10}},"30":{"start":{"line":64,"column":10},"end":{"line":64,"column":32}},"31":{"start":{"line":68,"column":4},"end":{"line":68,"column":17}},"32":{"start":{"line":78,"column":42},"end":{"line":78,"column":49}},"33":{"start":{"line":79,"column":62},"end":{"line":79,"column":67}},"34":{"start":{"line":81,"column":21},"end":{"line":81,"column":70}},"35":{"start":{"line":81,"column":47},"end":{"line":81,"column":69}},"36":{"start":{"line":82,"column":6},"end":{"line":86,"column":7}},"37":{"start":{"line":83,"column":8},"end":{"line":85,"column":10}},"38":{"start":{"line":84,"column":10},"end":{"line":84,"column":53}},"39":{"start":{"line":87,"column":6},"end":{"line":87,"column":19}},"40":{"start":{"line":89,"column":19},"end":{"line":89,"column":38}},"41":{"start":{"line":90,"column":4},"end":{"line":90,"column":17}}},"fnMap":{"0":{"name":"(anonymous_0)","decl":{"start":{"line":12,"column":2},"end":{"line":12,"column":3}},"loc":{"start":{"line":12,"column":35},"end":{"line":25,"column":3}},"line":12},"1":{"name":"(anonymous_1)","decl":{"start":{"line":14,"column":18},"end":{"line":14,"column":19}},"loc":{"start":{"line":14,"column":26},"end":{"line":14,"column":64}},"line":14},"2":{"name":"(anonymous_2)","decl":{"start":{"line":22,"column":29},"end":{"line":22,"column":30}},"loc":{"start":{"line":22,"column":34},"end":{"line":22,"column":69}},"line":22},"3":{"name":"(anonymous_3)","decl":{"start":{"line":32,"column":2},"end":{"line":32,"column":3}},"loc":{"start":{"line":32,"column":32},"end":{"line":45,"column":3}},"line":32},"4":{"name":"func","decl":{"start":{"line":34,"column":14},"end":{"line":34,"column":18}},"loc":{"start":{"line":34,"column":29},"end":{"line":43,"column":5}},"line":34},"5":{"name":"(anonymous_5)","decl":{"start":{"line":36,"column":23},"end":{"line":36,"column":24}},"loc":{"start":{"line":36,"column":28},"end":{"line":42,"column":7}},"line":36},"6":{"name":"(anonymous_6)","decl":{"start":{"line":53,"column":2},"end":{"line":53,"column":3}},"loc":{"start":{"line":53,"column":37},"end":{"line":69,"column":3}},"line":53},"7":{"name":"func","decl":{"start":{"line":56,"column":14},"end":{"line":56,"column":18}},"loc":{"start":{"line":56,"column":37},"end":{"line":67,"column":5}},"line":56},"8":{"name":"(anonymous_8)","decl":{"start":{"line":63,"column":30},"end":{"line":63,"column":31}},"loc":{"start":{"line":63,"column":35},"end":{"line":65,"column":9}},"line":63},"9":{"name":"(anonymous_9)","decl":{"start":{"line":77,"column":2},"end":{"line":77,"column":3}},"loc":{"start":{"line":77,"column":30},"end":{"line":91,"column":3}},"line":77},"10":{"name":"deep","decl":{"start":{"line":80,"column":13},"end":{"line":80,"column":17}},"loc":{"start":{"line":80,"column":40},"end":{"line":88,"column":5}},"line":80},"11":{"name":"(anonymous_11)","decl":{"start":{"line":81,"column":39},"end":{"line":81,"column":40}},"loc":{"start":{"line":81,"column":47},"end":{"line":81,"column":69}},"line":81},"12":{"name":"(anonymous_12)","decl":{"start":{"line":83,"column":23},"end":{"line":83,"column":24}},"loc":{"start":{"line":83,"column":31},"end":{"line":85,"column":9}},"line":83}},"branchMap":{"0":{"loc":{"start":{"line":13,"column":4},"end":{"line":24,"column":5}},"type":"if","locations":[{"start":{"line":13,"column":4},"end":{"line":24,"column":5}},{"start":{"line":13,"column":4},"end":{"line":24,"column":5}}],"line":13},"1":{"loc":{"start":{"line":16,"column":6},"end":{"line":20,"column":7}},"type":"if","locations":[{"start":{"line":16,"column":6},"end":{"line":20,"column":7}},{"start":{"line":16,"column":6},"end":{"line":20,"column":7}}],"line":16},"2":{"loc":{"start":{"line":16,"column":10},"end":{"line":16,"column":48}},"type":"binary-expr","locations":[{"start":{"line":16,"column":10},"end":{"line":16,"column":16}},{"start":{"line":16,"column":20},"end":{"line":16,"column":48}}],"line":16},"3":{"loc":{"start":{"line":21,"column":6},"end":{"line":23,"column":7}},"type":"if","locations":[{"start":{"line":21,"column":6},"end":{"line":23,"column":7}},{"start":{"line":21,"column":6},"end":{"line":23,"column":7}}],"line":21},"4":{"loc":{"start":{"line":21,"column":10},"end":{"line":21,"column":49}},"type":"binary-expr","locations":[{"start":{"line":21,"column":10},"end":{"line":21,"column":22}},{"start":{"line":21,"column":26},"end":{"line":21,"column":49}}],"line":21},"5":{"loc":{"start":{"line":35,"column":6},"end":{"line":35,"column":24}},"type":"if","locations":[{"start":{"line":35,"column":6},"end":{"line":35,"column":24}},{"start":{"line":35,"column":6},"end":{"line":35,"column":24}}],"line":35},"6":{"loc":{"start":{"line":37,"column":8},"end":{"line":40,"column":9}},"type":"if","locations":[{"start":{"line":37,"column":8},"end":{"line":40,"column":9}},{"start":{"line":37,"column":8},"end":{"line":40,"column":9}}],"line":37},"7":{"loc":{"start":{"line":41,"column":8},"end":{"line":41,"column":47}},"type":"if","locations":[{"start":{"line":41,"column":8},"end":{"line":41,"column":47}},{"start":{"line":41,"column":8},"end":{"line":41,"column":47}}],"line":41},"8":{"loc":{"start":{"line":56,"column":25},"end":{"line":56,"column":35}},"type":"default-arg","locations":[{"start":{"line":56,"column":33},"end":{"line":56,"column":35}}],"line":56},"9":{"loc":{"start":{"line":57,"column":6},"end":{"line":57,"column":30}},"type":"if","locations":[{"start":{"line":57,"column":6},"end":{"line":57,"column":30}},{"start":{"line":57,"column":6},"end":{"line":57,"column":30}}],"line":57},"10":{"loc":{"start":{"line":58,"column":6},"end":{"line":66,"column":7}},"type":"if","locations":[{"start":{"line":58,"column":6},"end":{"line":66,"column":7}},{"start":{"line":58,"column":6},"end":{"line":66,"column":7}}],"line":58},"11":{"loc":{"start":{"line":61,"column":8},"end":{"line":61,"column":32}},"type":"if","locations":[{"start":{"line":61,"column":8},"end":{"line":61,"column":32}},{"start":{"line":61,"column":8},"end":{"line":61,"column":32}}],"line":61},"12":{"loc":{"start":{"line":62,"column":13},"end":{"line":66,"column":7}},"type":"if","locations":[{"start":{"line":62,"column":13},"end":{"line":66,"column":7}},{"start":{"line":62,"column":13},"end":{"line":66,"column":7}}],"line":62},"13":{"loc":{"start":{"line":62,"column":17},"end":{"line":62,"column":54}},"type":"binary-expr","locations":[{"start":{"line":62,"column":17},"end":{"line":62,"column":30}},{"start":{"line":62,"column":34},"end":{"line":62,"column":54}}],"line":62},"14":{"loc":{"start":{"line":67,"column":7},"end":{"line":67,"column":57}},"type":"cond-expr","locations":[{"start":{"line":67,"column":30},"end":{"line":67,"column":49}},{"start":{"line":67,"column":52},"end":{"line":67,"column":57}}],"line":67},"15":{"loc":{"start":{"line":77,"column":16},"end":{"line":77,"column":28}},"type":"default-arg","locations":[{"start":{"line":77,"column":26},"end":{"line":77,"column":28}}],"line":77},"16":{"loc":{"start":{"line":78,"column":12},"end":{"line":78,"column":25}},"type":"default-arg","locations":[{"start":{"line":78,"column":21},"end":{"line":78,"column":25}}],"line":78},"17":{"loc":{"start":{"line":78,"column":27},"end":{"line":78,"column":37}},"type":"default-arg","locations":[{"start":{"line":78,"column":35},"end":{"line":78,"column":37}}],"line":78},"18":{"loc":{"start":{"line":79,"column":12},"end":{"line":79,"column":23}},"type":"default-arg","locations":[{"start":{"line":79,"column":18},"end":{"line":79,"column":23}}],"line":79},"19":{"loc":{"start":{"line":79,"column":25},"end":{"line":79,"column":34}},"type":"default-arg","locations":[{"start":{"line":79,"column":30},"end":{"line":79,"column":34}}],"line":79},"20":{"loc":{"start":{"line":79,"column":36},"end":{"line":79,"column":57}},"type":"default-arg","locations":[{"start":{"line":79,"column":47},"end":{"line":79,"column":57}}],"line":79},"21":{"loc":{"start":{"line":82,"column":6},"end":{"line":86,"column":7}},"type":"if","locations":[{"start":{"line":82,"column":6},"end":{"line":86,"column":7}},{"start":{"line":82,"column":6},"end":{"line":86,"column":7}}],"line":82}},"s":{"0":0,"1":0,"2":0,"3":0,"4":0,"5":0,"6":0,"7":0,"8":0,"9":0,"10":0,"11":0,"12":0,"13":0,"14":0,"15":0,"16":0,"17":0,"18":0,"19":1,"20":1,"21":9,"22":2,"23":7,"24":1,"25":1,"26":1,"27":0,"28":6,"29":3,"30":8,"31":1,"32":1,"33":1,"34":13,"35":156,"36":13,"37":5,"38":12,"39":13,"40":1,"41":1},"f":{"0":0,"1":0,"2":0,"3":0,"4":0,"5":0,"6":1,"7":9,"8":8,"9":1,"10":13,"11":156,"12":12},"b":{"0":[0,0],"1":[0,0],"2":[0,0],"3":[0,0],"4":[0,0],"5":[0,0],"6":[0,0],"7":[0,0],"8":[1],"9":[2,7],"10":[1,6],"11":[0,1],"12":[3,3],"13":[6,6],"14":[1,0],"15":[0],"16":[0],"17":[0],"18":[0],"19":[0],"20":[0],"21":[5,8]},"_coverageSchema":"1a1c01bbd47fc00a2c39e90264f33305004495a9","hash":"407644a21ca6c3050d84b9a64a021d523d090a70"}
,"/Users/wuhao/Documents/codes/hatech/hatech-web-framework/hatech-web-utils/src/index.js": {"path":"/Users/wuhao/Documents/codes/hatech/hatech-web-framework/hatech-web-utils/src/index.js","statementMap":{"0":{"start":{"line":13,"column":18},"end":{"line":13,"column":34}},"1":{"start":{"line":14,"column":19},"end":{"line":14,"column":36}},"2":{"start":{"line":15,"column":21},"end":{"line":15,"column":40}},"3":{"start":{"line":16,"column":17},"end":{"line":16,"column":32}},"4":{"start":{"line":17,"column":19},"end":{"line":17,"column":36}},"5":{"start":{"line":18,"column":16},"end":{"line":18,"column":30}},"6":{"start":{"line":19,"column":22},"end":{"line":19,"column":42}},"7":{"start":{"line":20,"column":17},"end":{"line":20,"column":32}},"8":{"start":{"line":21,"column":17},"end":{"line":21,"column":32}},"9":{"start":{"line":22,"column":19},"end":{"line":22,"column":36}},"10":{"start":{"line":23,"column":18},"end":{"line":23,"column":34}},"11":{"start":{"line":29,"column":16},"end":{"line":52,"column":1}},"12":{"start":{"line":30,"column":16},"end":{"line":44,"column":3}},"13":{"start":{"line":45,"column":2},"end":{"line":50,"column":3}},"14":{"start":{"line":46,"column":4},"end":{"line":48,"column":5}},"15":{"start":{"line":47,"column":6},"end":{"line":47,"column":30}},"16":{"start":{"line":49,"column":4},"end":{"line":49,"column":32}},"17":{"start":{"line":51,"column":2},"end":{"line":51,"column":14}}},"fnMap":{"0":{"name":"(anonymous_0)","decl":{"start":{"line":29,"column":16},"end":{"line":29,"column":17}},"loc":{"start":{"line":29,"column":31},"end":{"line":52,"column":1}},"line":29}},"branchMap":{"0":{"loc":{"start":{"line":45,"column":2},"end":{"line":50,"column":3}},"type":"if","locations":[{"start":{"line":45,"column":2},"end":{"line":50,"column":3}},{"start":{"line":45,"column":2},"end":{"line":50,"column":3}}],"line":45},"1":{"loc":{"start":{"line":46,"column":4},"end":{"line":48,"column":5}},"type":"if","locations":[{"start":{"line":46,"column":4},"end":{"line":48,"column":5}},{"start":{"line":46,"column":4},"end":{"line":48,"column":5}}],"line":46}},"s":{"0":1,"1":1,"2":1,"3":1,"4":1,"5":1,"6":1,"7":1,"8":1,"9":1,"10":1,"11":1,"12":0,"13":0,"14":0,"15":0,"16":0,"17":0},"f":{"0":0},"b":{"0":[0,0],"1":[0,0]},"_coverageSchema":"1a1c01bbd47fc00a2c39e90264f33305004495a9","hash":"870b390e55862648e42c0b0b89599bad90fb1d42"}
}
